<?xml version="1.0" encoding="UTF-8"?>
<testsuite name="Skarb_automation_tests_selenide"
           tests="4"
           failures="1"
           errors="0"
           skipped="0"
           time="136.148">
    <properties></properties>

            <testcase
                name="registerOrganization"
                time="62.024"
                classname="org.example.test.Task13_3">

            <failure type="com.codeborne.selenide.ex.ElementNotFound" message="Element not found {by text: 5WZSPzuGl0@skarb.ngo}
Expected: clickable: interactable and enabled
Screenshot: file:/C:/Users/jkoso/IdeaProjects/Skarb_automation_tests_selenide/build/reports/tests/1691046999258.3.png
Page source: file:/C:/Users/jkoso/IdeaProjects/Skarb_automation_tests_selenide/build/reports/tests/1691046999258.3.html
Timeout: 30 s.
Caused by: NoSuchElementException: no such element: Unable to locate element: {&quot;method&quot;:&quot;xpath&quot;,&quot;selector&quot;:&quot;.//*/text()[normalize-space(translate(string(.), &apos;">
                <![CDATA[Element not found {by text: 5WZSPzuGl0@skarb.ngo}
Expected: clickable: interactable and enabled
Screenshot: file:/C:/Users/jkoso/IdeaProjects/Skarb_automation_tests_selenide/build/reports/tests/1691046999258.3.png
Page source: file:/C:/Users/jkoso/IdeaProjects/Skarb_automation_tests_selenide/build/reports/tests/1691046999258.3.html
Timeout: 30 s.
Caused by: NoSuchElementException: no such element: Unable to locate element: {"method":"xpath","selector":".//*/text()[normalize-space(translate(string(.), '
                com.codeborne.selenide.impl.WebElementSource.createElementNotFoundError(WebElementSource.java:91)com.codeborne.selenide.impl.ElementFinder.createElementNotFoundError(ElementFinder.java:142)com.codeborne.selenide.impl.WebElementSource.handleError(WebElementSource.java:143)com.codeborne.selenide.impl.WebElementSource.checkConditionAndReturnElement(WebElementSource.java:127)com.codeborne.selenide.impl.WebElementSource.findAndAssertElementIsClickable(WebElementSource.java:173)com.codeborne.selenide.commands.Click.findElement(Click.java:46)com.codeborne.selenide.commands.Click.execute(Click.java:28)com.codeborne.selenide.commands.Click.execute(Click.java:21)com.codeborne.selenide.commands.Commands.execute(Commands.java:162)com.codeborne.selenide.impl.SelenideElementProxy.dispatchAndRetry(SelenideElementProxy.java:132)com.codeborne.selenide.impl.SelenideElementProxy.invoke(SelenideElementProxy.java:84)jdk.proxy2/jdk.proxy2.$Proxy21.click(Unknown Source)org.example.pages.registration.MailHogPage.confirmRegistrationOfNewPartner(MailHogPage.java:18)org.example.test.Task13_3.registerOrganization(Task13_3.java:52)java.base/jdk.internal.reflect.NativeMethodAccessorImpl.invoke0(Native Method)java.base/jdk.internal.reflect.NativeMethodAccessorImpl.invoke(NativeMethodAccessorImpl.java:77)java.base/jdk.internal.reflect.DelegatingMethodAccessorImpl.invoke(DelegatingMethodAccessorImpl.java:43)java.base/java.lang.reflect.Method.invoke(Method.java:568)org.testng.internal.invokers.MethodInvocationHelper.invokeMethod(MethodInvocationHelper.java:139)org.testng.internal.invokers.TestInvoker.invokeMethod(TestInvoker.java:677)org.testng.internal.invokers.TestInvoker.invokeTestMethod(TestInvoker.java:221)org.testng.internal.invokers.MethodRunner.runInSequence(MethodRunner.java:50)org.testng.internal.invokers.TestInvoker$MethodInvocationAgent.invoke(TestInvoker.java:969)org.testng.internal.invokers.TestInvoker.invokeTestMethods(TestInvoker.java:194)org.testng.internal.invokers.TestMethodWorker.invokeTestMethods(TestMethodWorker.java:148)org.testng.internal.invokers.TestMethodWorker.run(TestMethodWorker.java:128)java.base/java.util.ArrayList.forEach(ArrayList.java:1511)org.testng.TestRunner.privateRun(TestRunner.java:829)org.testng.TestRunner.run(TestRunner.java:602)org.testng.SuiteRunner.runTest(SuiteRunner.java:437)org.testng.SuiteRunner.runSequentially(SuiteRunner.java:431)org.testng.SuiteRunner.privateRun(SuiteRunner.java:391)org.testng.SuiteRunner.run(SuiteRunner.java:330)org.testng.SuiteRunnerWorker.runSuite(SuiteRunnerWorker.java:52)org.testng.SuiteRunnerWorker.run(SuiteRunnerWorker.java:95)org.testng.TestNG.runSuitesSequentially(TestNG.java:1256)org.testng.TestNG.runSuitesLocally(TestNG.java:1176)org.testng.TestNG.runSuites(TestNG.java:1099)org.testng.TestNG.run(TestNG.java:1067)com.intellij.rt.testng.IDEARemoteTestNG.run(IDEARemoteTestNG.java:66)com.intellij.rt.testng.RemoteTestNGStarter.main(RemoteTestNGStarter.java:109)
                    Caused by: org.openqa.selenium.NoSuchElementException: no such element: Unable to locate element: {"method":"xpath","selector":".//*/text()[normalize-space(translate(string(.), '	
 ', '    ')) = "5WZSPzuGl0@skarb.ngo"]/parent::*"}
  (Session info: chrome=115.0.5790.110)
For documentation on this error, please visit: https://www.selenium.dev/documentation/webdriver/troubleshooting/errors#no-such-element-exception
Build info: version: '4.10.0', revision: 'c14d967899'
System info: os.name: 'Windows 11', os.arch: 'amd64', os.version: '10.0', java.version: '17.0.5'
Driver info: org.openqa.selenium.chrome.ChromeDriver
Command: [98bcbdaa79068bb8545c8a14fc41b73a, findElement {using=xpath, value=.//*/text()[normalize-space(translate(string(.), '	
 ', '    ')) = "5WZSPzuGl0@skarb.ngo"]/parent::*}]
Capabilities {acceptInsecureCerts: true, browserName: chrome, browserVersion: 115.0.5790.110, chrome: {chromedriverVersion: 115.0.5790.170 (cc0d30c2ca5..., userDataDir: C:\Users\jkoso\AppData\Loca...}, goog:chromeOptions: {debuggerAddress: localhost:63982}, networkConnectionEnabled: false, pageLoadStrategy: normal, platformName: windows, proxy: Proxy(), se:cdp: ws://localhost:63982/devtoo..., se:cdpVersion: 115.0.5790.110, setWindowRect: true, strictFileInteractability: false, timeouts: {implicit: 0, pageLoad: 300000, script: 30000}, unhandledPromptBehavior: accept, webauthn:extension:credBlob: true, webauthn:extension:largeBlob: true, webauthn:extension:minPinLength: true, webauthn:extension:prf: true, webauthn:virtualAuthenticators: true}
Session ID: 98bcbdaa79068bb8545c8a14fc41b73a
                    jdk.internal.reflect.GeneratedConstructorAccessor11.newInstance(Unknown Source)java.base/jdk.internal.reflect.DelegatingConstructorAccessorImpl.newInstance(DelegatingConstructorAccessorImpl.java:45)java.base/java.lang.reflect.Constructor.newInstanceWithCaller(Constructor.java:499)java.base/java.lang.reflect.Constructor.newInstance(Constructor.java:480)org.openqa.selenium.remote.codec.w3c.W3CHttpResponseCodec.createException(W3CHttpResponseCodec.java:199)org.openqa.selenium.remote.codec.w3c.W3CHttpResponseCodec.decode(W3CHttpResponseCodec.java:132)org.openqa.selenium.remote.codec.w3c.W3CHttpResponseCodec.decode(W3CHttpResponseCodec.java:51)org.openqa.selenium.remote.HttpCommandExecutor.execute(HttpCommandExecutor.java:191)org.openqa.selenium.remote.service.DriverCommandExecutor.invokeExecute(DriverCommandExecutor.java:196)org.openqa.selenium.remote.service.DriverCommandExecutor.execute(DriverCommandExecutor.java:171)org.openqa.selenium.remote.RemoteWebDriver.execute(RemoteWebDriver.java:531)org.openqa.selenium.remote.ElementLocation$ElementFinder$2.findElement(ElementLocation.java:165)org.openqa.selenium.remote.ElementLocation.findElement(ElementLocation.java:59)org.openqa.selenium.remote.RemoteWebDriver.findElement(RemoteWebDriver.java:350)org.openqa.selenium.remote.RemoteWebDriver.findElement(RemoteWebDriver.java:344)com.codeborne.selenide.impl.WebElementSelector.findElement(WebElementSelector.java:70)com.codeborne.selenide.impl.WebElementSelector.findElement(WebElementSelector.java:44)com.codeborne.selenide.impl.WebElementSelector.findElement(WebElementSelector.java:33)com.codeborne.selenide.impl.ElementFinder.getWebElement(ElementFinder.java:122)com.codeborne.selenide.impl.WebElementSource.checkConditionAndReturnElement(WebElementSource.java:116)com.codeborne.selenide.impl.WebElementSource.findAndAssertElementIsClickable(WebElementSource.java:173)com.codeborne.selenide.commands.Click.findElement(Click.java:46)com.codeborne.selenide.commands.Click.execute(Click.java:28)com.codeborne.selenide.commands.Click.execute(Click.java:21)com.codeborne.selenide.commands.Commands.execute(Commands.java:162)com.codeborne.selenide.impl.SelenideElementProxy.dispatchAndRetry(SelenideElementProxy.java:132)com.codeborne.selenide.impl.SelenideElementProxy.invoke(SelenideElementProxy.java:84)jdk.proxy2/jdk.proxy2.$Proxy21.click(Unknown Source)org.example.pages.registration.MailHogPage.confirmRegistrationOfNewPartner(MailHogPage.java:18)org.example.test.Task13_3.registerOrganization(Task13_3.java:52)java.base/jdk.internal.reflect.NativeMethodAccessorImpl.invoke0(Native Method)java.base/jdk.internal.reflect.NativeMethodAccessorImpl.invoke(NativeMethodAccessorImpl.java:77)java.base/jdk.internal.reflect.DelegatingMethodAccessorImpl.invoke(DelegatingMethodAccessorImpl.java:43)java.base/java.lang.reflect.Method.invoke(Method.java:568)org.testng.internal.invokers.MethodInvocationHelper.invokeMethod(MethodInvocationHelper.java:139)org.testng.internal.invokers.TestInvoker.invokeMethod(TestInvoker.java:677)org.testng.internal.invokers.TestInvoker.invokeTestMethod(TestInvoker.java:221)org.testng.internal.invokers.MethodRunner.runInSequence(MethodRunner.java:50)org.testng.internal.invokers.TestInvoker$MethodInvocationAgent.invoke(TestInvoker.java:969)org.testng.internal.invokers.TestInvoker.invokeTestMethods(TestInvoker.java:194)org.testng.internal.invokers.TestMethodWorker.invokeTestMethods(TestMethodWorker.java:148)org.testng.internal.invokers.TestMethodWorker.run(TestMethodWorker.java:128)java.base/java.util.ArrayList.forEach(ArrayList.java:1511)org.testng.TestRunner.privateRun(TestRunner.java:829)org.testng.TestRunner.run(TestRunner.java:602)org.testng.SuiteRunner.runTest(SuiteRunner.java:437)org.testng.SuiteRunner.runSequentially(SuiteRunner.java:431)org.testng.SuiteRunner.privateRun(SuiteRunner.java:391)org.testng.SuiteRunner.run(SuiteRunner.java:330)org.testng.SuiteRunnerWorker.runSuite(SuiteRunnerWorker.java:52)org.testng.SuiteRunnerWorker.run(SuiteRunnerWorker.java:95)org.testng.TestNG.runSuitesSequentially(TestNG.java:1256)org.testng.TestNG.runSuitesLocally(TestNG.java:1176)org.testng.TestNG.runSuites(TestNG.java:1099)org.testng.TestNG.run(TestNG.java:1067)com.intellij.rt.testng.IDEARemoteTestNG.run(IDEARemoteTestNG.java:66)com.intellij.rt.testng.RemoteTestNGStarter.main(RemoteTestNGStarter.java:109)
                ]]>
            </failure>
    </testcase>


            <testcase
                name="createTask"
                time="34.631"
                classname="org.example.test.Task13_3">
            </testcase>
            <testcase
                name="createTask"
                time="34.693"
                classname="org.example.test.Task13_3">
            </testcase>
            <testcase
                name="createTask"
                time="4.800"
                classname="org.example.test.Task13_3">
            </testcase>
</testsuite>
